Arguments: 
  C:\Program Files\nodejs\node.exe C:\Program Files (x86)\Yarn\bin\yarn.js add -D normalize-scss

PATH: 
  C:\Windows\system32;C:\Windows;C:\Windows\System32\Wbem;C:\Windows\System32\WindowsPowerShell\v1.0\;C:\Windows\System32\OpenSSH\;C:\Program Files (x86)\Git\cmd;C:\Program Files\nodejs\;C:\Program Files (x86)\Yarn\bin\;C:\ProgramData\chocolatey\bin;C:\Users\Lilia\AppData\Local\Microsoft\WindowsApps;;C:\Users\Lilia\AppData\Local\Programs\Microsoft VS Code\bin;C:\Users\Lilia\AppData\Roaming\npm;C:\Users\Lilia\AppData\Local\Yarn\bin

Yarn version: 
  1.22.5

Node version: 
  12.19.0

Platform: 
  win32 x64

Trace: 
  Error: EPERM: operation not permitted, unlink 'D:\gulp-training-master\node_modules\node-sass\vendor\win32-x64-72\binding.node'

npm manifest: 
  {
    "name": "gulp",
    "version": "1.0.0",
    "main": "index.js",
    "license": "MIT",
    "devDependencies": {
      "@typescript-eslint/eslint-plugin": "^4.5.0",
      "@typescript-eslint/parser": "^4.5.0",
      "autoprefixer": "^9.8.6",
      "browser-sync": "^2.26.12",
      "css-mqpacker": "^7.0.0",
      "cssnano": "^4.1.10",
      "eslint": "^7.11.0",
      "eslint-config-airbnb-base": "^14.2.0",
      "eslint-plugin-import": "^2.22.1",
      "eslint-plugin-vue": "^7.1.0",
      "gulp": "^4.0.2",
      "gulp-csscomb": "^3.1.0",
      "gulp-notify": "^3.2.0",
      "gulp-postcss": "^8.0.0",
      "gulp-rename": "^2.0.0",
      "gulp-sass": "^4.1.0",
      "sort-css-media-queries": "^1.5.0"
    },
    "dependencies": {}
  }

yarn manifest: 
  No manifest

Lockfile: 
  No lockfile
